WARNING: An illegal reflective access operation has occurred
WARNING: Illegal reflective access by com.google.protobuf.UnsafeUtil (file:/home/jorge/.da/packages/sandbox/100.12.1/sandbox-100.12.1.jar) to field java.nio.Buffer.address
WARNING: Please consider reporting this to the maintainers of com.google.protobuf.UnsafeUtil
WARNING: Use --illegal-access=warn to enable warnings of further illegal reflective access operations
WARNING: All illegal access operations will be denied in a future release
DAML LF Engine supports LF versions: 0, 1.0, 1.1, 1.2, 1.3; Transaction versions: 1, 2, 3, 4, 5; Value versions: 1, 2, 3, 4
Starting plainText server
listening on localhost:7602
   ____             ____
  / __/__ ____  ___/ / /  ___ __ __
 _\ \/ _ `/ _ \/ _  / _ \/ _ \\ \ /
/___/\_,_/_//_/\_,_/_.__/\___/_\_\

Initialized sandbox version 100.12.1 with ledger-id = sandbox-e9370276-88a4-44b7-8f37-3fcb9777f89d, port = 7602, dar file = DamlPackageContainer(List(/home/jorge/DAML/More_Examples/Sell_Car/target/DAML/More_Examples/Sell_Car.dar),false), time mode = Static, daml-engine = {}
Submission of command 93dfa2e932aa93bd has failed.
com.digitalasset.platform.server.api.ApiException: INVALID_ARGUMENT: Command interpretation error in LF-DAMLe: The following errors occured: node NodeId(0) (Identifier(SimpleString(0e5caae9296cc0f553e69ff0bb9183548f03c9e5ffcb5c2c509a0e156f221a05),Main.MyCar:Pending)) requires controllers: SimpleString(Wayne_corp), but only SimpleString(Bruce) were given. Details: N/A.
Submission of command a35abf0c5cd6788a has failed.
com.digitalasset.platform.server.api.ApiException: INVALID_ARGUMENT: Command interpretation error in LF-DAMLe: The following errors occured: node NodeId(0) (Identifier(SimpleString(0e5caae9296cc0f553e69ff0bb9183548f03c9e5ffcb5c2c509a0e156f221a05),Main.MyCar:Pending)) requires controllers: SimpleString(Bank_of_Gotham), but only SimpleString(Bruce) were given. Details: N/A.
Submission of command 564874ac0fdd71ad has failed.
com.digitalasset.platform.server.api.ApiException: INVALID_ARGUMENT: Command interpretation error in LF-DAMLe: The following errors occured: node NodeId(0) (Identifier(SimpleString(0e5caae9296cc0f553e69ff0bb9183548f03c9e5ffcb5c2c509a0e156f221a05),Main.MyCar:Pending)) requires controllers: SimpleString(Bruce), but only SimpleString(Wayne_corp) were given. Details: N/A.
Submission of command 6c64293f67032813 has failed.
com.digitalasset.platform.server.api.ApiException: INVALID_ARGUMENT: Command interpretation error in LF-DAMLe: The following errors occured: node NodeId(0) (Identifier(SimpleString(0e5caae9296cc0f553e69ff0bb9183548f03c9e5ffcb5c2c509a0e156f221a05),Main.MyCar:Pending)) requires controllers: SimpleString(Wayne_corp), but only SimpleString(Bank_of_Gotham) were given. Details: N/A.
Submission of command a48604439798ccb3 has failed.
com.digitalasset.platform.server.api.ApiException: INVALID_ARGUMENT: Command interpretation error in LF-DAMLe: The following errors occured: node NodeId(0) (Identifier(SimpleString(0e5caae9296cc0f553e69ff0bb9183548f03c9e5ffcb5c2c509a0e156f221a05),Main.MyCar:Pending)) requires controllers: SimpleString(Bruce),SimpleString(Wayne_corp), but only SimpleString(Bank_of_Gotham) were given. Details: N/A.
