08:33:34.766 [main] WARN  c.d.p.s.s.ledger.ScenarioLoader$ - Dot-separated scenario specification is deprecated. Names are Module.Name:Inner.Name, with a colon between module name and the name of the definition. Falling back to deprecated name resolution. 
08:33:35.989 [main] ERROR c.d.platform.sandbox.SandboxMain$ - Shutting down Sandbox application because of initialization error 
java.lang.RuntimeException: Cannot find scenario SellCar.TestSell in packages [SimpleString(85051a54cf7760ebeedf3ab9a10d75bb8437a12ab17156d864493e85d6f075af), SimpleString(8ee7de7e60f1c18ded04127820c51c5c9def58c4ab17f1cb0b8093e3003e7b84)]. Try using Module.Name:Inner.Name style scenario name specification.
	at com.digitalasset.platform.sandbox.stores.ledger.ScenarioLoader$.$anonfun$getScenarioQualifiedName$2(ScenarioLoader.scala:146)
	at scala.Option.getOrElse(Option.scala:121)
	at com.digitalasset.platform.sandbox.stores.ledger.ScenarioLoader$.getScenarioQualifiedName(ScenarioLoader.scala:145)
	at com.digitalasset.platform.sandbox.stores.ledger.ScenarioLoader$.buildScenarioLedger(ScenarioLoader.scala:54)
	at com.digitalasset.platform.sandbox.stores.ledger.ScenarioLoader$.fromScenario(ScenarioLoader.scala:38)
	at com.digitalasset.platform.sandbox.SandboxApplication$.com$digitalasset$platform$sandbox$SandboxApplication$$createInitialState(SandboxApplication.scala:190)
	at com.digitalasset.platform.sandbox.SandboxApplication$SandboxServer.buildAndStartServer(SandboxApplication.scala:72)
	at com.digitalasset.platform.sandbox.SandboxApplication$SandboxServer.start(SandboxApplication.scala:121)
	at com.digitalasset.platform.sandbox.SandboxMain$.delayedEndpoint$com$digitalasset$platform$sandbox$SandboxMain$1(SandboxMain.scala:28)
	at com.digitalasset.platform.sandbox.SandboxMain$delayedInit$body.apply(SandboxMain.scala:14)
	at scala.Function0.apply$mcV$sp(Function0.scala:34)
	at scala.Function0.apply$mcV$sp$(Function0.scala:34)
	at scala.runtime.AbstractFunction0.apply$mcV$sp(AbstractFunction0.scala:12)
	at scala.App.$anonfun$main$1$adapted(App.scala:76)
	at scala.collection.immutable.List.foreach(List.scala:389)
	at scala.App.main(App.scala:76)
	at scala.App.main$(App.scala:74)
	at com.digitalasset.platform.sandbox.SandboxMain$.main(SandboxMain.scala:14)
	at com.digitalasset.platform.sandbox.SandboxMain.main(SandboxMain.scala)
08:34:50.048 [main] INFO  c.d.l.s.L.LedgerApiServer$ - DAML LF Engine supports LF versions: 0, 1.0, 1.1, 1.2, 1.3; Transaction versions: 1, 2, 3, 4, 5; Value versions: 1, 2, 3, 4 
08:34:50.209 [main] INFO  c.d.l.s.L.LedgerApiServer - Starting plainText server 
08:34:50.563 [main] INFO  c.d.l.s.L.LedgerApiServer - listening on localhost:7602 
08:34:50.593 [main] INFO  c.d.p.sandbox.SandboxApplication$ - Initialized sandbox version 100.12.1 with ledger-id = sandbox-cda0cae4-5c68-432d-b664-bc67f2565079, port = 7602, dar file = DamlPackageContainer(List(/home/jorge/DAML/More_Examples/Sell_Car/target/DAML/More_Examples/Sell_Car.dar),false), time mode = Static, daml-engine = {} 
11:48:37.150 [Thread-1] INFO  c.d.p.s.s.c.ReferenceCommandService$$anon$1$$anon$2 - Shutting down Command Service 
11:48:37.469 [Thread-1] INFO  c.d.p.s.services.command.TrackerMap - Shutting down 0 trackers 
11:48:46.708 [main] INFO  c.d.l.s.L.LedgerApiServer$ - DAML LF Engine supports LF versions: 0, 1.0, 1.1, 1.2, 1.3; Transaction versions: 1, 2, 3, 4, 5; Value versions: 1, 2, 3, 4 
11:48:46.894 [main] INFO  c.d.l.s.L.LedgerApiServer - Starting plainText server 
11:48:47.403 [main] INFO  c.d.l.s.L.LedgerApiServer - listening on localhost:7602 
11:48:47.422 [main] INFO  c.d.p.sandbox.SandboxApplication$ - Initialized sandbox version 100.12.1 with ledger-id = sandbox-9acf2b64-06e0-4e7e-8414-7987db4e0963, port = 7602, dar file = DamlPackageContainer(List(/home/jorge/DAML/More_Examples/Sell_Car/target/DAML/More_Examples/Sell_Car.dar),false), time mode = Static, daml-engine = {} 
12:02:37.056 [Thread-1] INFO  c.d.p.s.s.c.ReferenceCommandService$$anon$1$$anon$2 - Shutting down Command Service 
12:02:37.067 [Thread-1] INFO  c.d.p.s.services.command.TrackerMap - Shutting down 0 trackers 
12:02:45.742 [main] INFO  c.d.l.s.L.LedgerApiServer$ - DAML LF Engine supports LF versions: 0, 1.0, 1.1, 1.2, 1.3; Transaction versions: 1, 2, 3, 4, 5; Value versions: 1, 2, 3, 4 
12:02:45.960 [main] INFO  c.d.l.s.L.LedgerApiServer - Starting plainText server 
12:02:46.325 [main] INFO  c.d.l.s.L.LedgerApiServer - listening on localhost:7602 
12:02:46.368 [main] INFO  c.d.p.sandbox.SandboxApplication$ - Initialized sandbox version 100.12.1 with ledger-id = sandbox-640a3993-9635-415e-9cc5-3123ee01a347, port = 7602, dar file = DamlPackageContainer(List(/home/jorge/DAML/More_Examples/Sell_Car/target/DAML/More_Examples/Sell_Car.dar),false), time mode = Static, daml-engine = {} 
12:04:21.548 [sandbox-akka.actor.default-dispatcher-15] WARN  c.d.p.s.s.SandboxSubmissionService - Submission of command dc60dac1eb635127 has failed. 
com.digitalasset.platform.server.api.ApiException: INVALID_ARGUMENT: Command interpretation error in LF-DAMLe: The following errors occured: node NodeId(1) (Identifier(SimpleString(dc894dfbab249e15e0f3e457bbf8f4073ce2318859cee25081cf2ca36a17e707),DealerShip:DealerShippa)) requires authorizers SimpleString(DC_Car),SimpleString(Marvel_Car), but only SimpleString(Bruce) were given. Details: N/A.
12:04:51.344 [sandbox-akka.actor.default-dispatcher-13] WARN  c.d.p.s.s.SandboxSubmissionService - Submission of command d606a8e9761511b8 has failed. 
com.digitalasset.platform.server.api.ApiException: INVALID_ARGUMENT: Command interpretation error in LF-DAMLe: The following errors occured: node NodeId(1) (Identifier(SimpleString(dc894dfbab249e15e0f3e457bbf8f4073ce2318859cee25081cf2ca36a17e707),DealerShip:DealerShippa)) requires authorizers SimpleString(DC_Car),SimpleString(Marvel_Car), but only SimpleString(Bruce) were given. Details: N/A.
12:05:10.631 [sandbox-akka.actor.default-dispatcher-2] WARN  c.d.p.s.s.SandboxSubmissionService - Submission of command 6580361181d4c2e8 has failed. 
com.digitalasset.platform.server.api.ApiException: INVALID_ARGUMENT: Command interpretation error in LF-DAMLe: The following errors occured: node NodeId(1) (Identifier(SimpleString(dc894dfbab249e15e0f3e457bbf8f4073ce2318859cee25081cf2ca36a17e707),DealerShip:DealerShippa)) requires authorizers SimpleString(Marvel_Car),SimpleString(DC_Car), but only SimpleString(Bruce) were given. Details: N/A.
12:05:18.962 [sandbox-akka.actor.default-dispatcher-2] WARN  c.d.p.s.s.SandboxSubmissionService - Submission of command aa75c9bfbd7234ee has failed. 
com.digitalasset.platform.server.api.ApiException: INVALID_ARGUMENT: Command interpretation error in LF-DAMLe: The following errors occured: node NodeId(1) (Identifier(SimpleString(dc894dfbab249e15e0f3e457bbf8f4073ce2318859cee25081cf2ca36a17e707),DealerShip:DealerShippa)) requires authorizers SimpleString(DC_Car), but only SimpleString(Bruce) were given. Details: N/A.
12:05:30.146 [sandbox-akka.actor.default-dispatcher-2] WARN  c.d.p.s.s.SandboxSubmissionService - Submission of command a3b0c2398eea2845 has failed. 
com.digitalasset.platform.server.api.ApiException: INVALID_ARGUMENT: Command interpretation error in LF-DAMLe: The following errors occured: node NodeId(1) (Identifier(SimpleString(dc894dfbab249e15e0f3e457bbf8f4073ce2318859cee25081cf2ca36a17e707),DealerShip:DealerShippa)) requires authorizers SimpleString(Marvel_Car), but only SimpleString(Bruce) were given. Details: N/A.
12:06:40.210 [Thread-1] INFO  c.d.p.s.s.c.ReferenceCommandService$$anon$1$$anon$2 - Shutting down Command Service 
12:06:40.367 [Thread-1] INFO  c.d.p.s.services.command.TrackerMap - Shutting down 0 trackers 
12:06:49.187 [main] INFO  c.d.l.s.L.LedgerApiServer$ - DAML LF Engine supports LF versions: 0, 1.0, 1.1, 1.2, 1.3; Transaction versions: 1, 2, 3, 4, 5; Value versions: 1, 2, 3, 4 
12:06:49.424 [main] INFO  c.d.l.s.L.LedgerApiServer - Starting plainText server 
12:06:49.743 [main] INFO  c.d.l.s.L.LedgerApiServer - listening on localhost:7602 
12:06:49.759 [main] INFO  c.d.p.sandbox.SandboxApplication$ - Initialized sandbox version 100.12.1 with ledger-id = sandbox-81a9853e-ecee-4c7a-b045-f610ba8eed94, port = 7602, dar file = DamlPackageContainer(List(/home/jorge/DAML/More_Examples/Sell_Car/target/DAML/More_Examples/Sell_Car.dar),false), time mode = Static, daml-engine = {} 
18:52:02.478 [Thread-1] INFO  c.d.p.s.s.c.ReferenceCommandService$$anon$1$$anon$2 - Shutting down Command Service 
18:52:02.578 [Thread-1] INFO  c.d.p.s.services.command.TrackerMap - Shutting down 0 trackers 
18:52:12.336 [main] INFO  c.d.l.s.L.LedgerApiServer$ - DAML LF Engine supports LF versions: 0, 1.0, 1.1, 1.2, 1.3; Transaction versions: 1, 2, 3, 4, 5; Value versions: 1, 2, 3, 4 
18:52:12.515 [main] INFO  c.d.l.s.L.LedgerApiServer - Starting plainText server 
18:52:12.906 [main] INFO  c.d.l.s.L.LedgerApiServer - listening on localhost:7602 
18:52:12.930 [main] INFO  c.d.p.sandbox.SandboxApplication$ - Initialized sandbox version 100.12.1 with ledger-id = sandbox-b37bba63-89c9-45e6-8277-0d8eb6ac8a63, port = 7602, dar file = DamlPackageContainer(List(/home/jorge/DAML/More_Examples/Sell_Car/target/DAML/More_Examples/Sell_Car.dar),false), time mode = Static, daml-engine = {} 
22:37:31.706 [Thread-1] INFO  c.d.p.s.s.c.ReferenceCommandService$$anon$1$$anon$2 - Shutting down Command Service 
22:37:31.736 [Thread-1] INFO  c.d.p.s.services.command.TrackerMap - Shutting down 0 trackers 
22:37:40.768 [main] WARN  c.d.p.s.s.ledger.ScenarioLoader$ - Dot-separated scenario specification is deprecated. Names are Module.Name:Inner.Name, with a colon between module name and the name of the definition. Falling back to deprecated name resolution. 
22:37:42.034 [main] ERROR c.d.platform.sandbox.SandboxMain$ - Shutting down Sandbox application because of initialization error 
java.lang.RuntimeException: Cannot find scenario Test/SellTest.sellTest in packages [SimpleString(b7fba80fcfdfc3ce7409b3770d32bd97f76c20816eac94857898bb193ee6cc3e), SimpleString(8ee7de7e60f1c18ded04127820c51c5c9def58c4ab17f1cb0b8093e3003e7b84)]. Try using Module.Name:Inner.Name style scenario name specification.
	at com.digitalasset.platform.sandbox.stores.ledger.ScenarioLoader$.$anonfun$getScenarioQualifiedName$2(ScenarioLoader.scala:146)
	at scala.Option.getOrElse(Option.scala:121)
	at com.digitalasset.platform.sandbox.stores.ledger.ScenarioLoader$.getScenarioQualifiedName(ScenarioLoader.scala:145)
	at com.digitalasset.platform.sandbox.stores.ledger.ScenarioLoader$.buildScenarioLedger(ScenarioLoader.scala:54)
	at com.digitalasset.platform.sandbox.stores.ledger.ScenarioLoader$.fromScenario(ScenarioLoader.scala:38)
	at com.digitalasset.platform.sandbox.SandboxApplication$.com$digitalasset$platform$sandbox$SandboxApplication$$createInitialState(SandboxApplication.scala:190)
	at com.digitalasset.platform.sandbox.SandboxApplication$SandboxServer.buildAndStartServer(SandboxApplication.scala:72)
	at com.digitalasset.platform.sandbox.SandboxApplication$SandboxServer.start(SandboxApplication.scala:121)
	at com.digitalasset.platform.sandbox.SandboxMain$.delayedEndpoint$com$digitalasset$platform$sandbox$SandboxMain$1(SandboxMain.scala:28)
	at com.digitalasset.platform.sandbox.SandboxMain$delayedInit$body.apply(SandboxMain.scala:14)
	at scala.Function0.apply$mcV$sp(Function0.scala:34)
	at scala.Function0.apply$mcV$sp$(Function0.scala:34)
	at scala.runtime.AbstractFunction0.apply$mcV$sp(AbstractFunction0.scala:12)
	at scala.App.$anonfun$main$1$adapted(App.scala:76)
	at scala.collection.immutable.List.foreach(List.scala:389)
	at scala.App.main(App.scala:76)
	at scala.App.main$(App.scala:74)
	at com.digitalasset.platform.sandbox.SandboxMain$.main(SandboxMain.scala:14)
	at com.digitalasset.platform.sandbox.SandboxMain.main(SandboxMain.scala)
22:38:45.535 [main] WARN  c.d.p.s.s.ledger.ScenarioLoader$ - Dot-separated scenario specification is deprecated. Names are Module.Name:Inner.Name, with a colon between module name and the name of the definition. Falling back to deprecated name resolution. 
22:38:46.738 [main] ERROR c.d.platform.sandbox.SandboxMain$ - Shutting down Sandbox application because of initialization error 
java.lang.RuntimeException: Cannot find scenario Test/SellTest.sellTest in packages [SimpleString(b7fba80fcfdfc3ce7409b3770d32bd97f76c20816eac94857898bb193ee6cc3e), SimpleString(8ee7de7e60f1c18ded04127820c51c5c9def58c4ab17f1cb0b8093e3003e7b84)]. Try using Module.Name:Inner.Name style scenario name specification.
	at com.digitalasset.platform.sandbox.stores.ledger.ScenarioLoader$.$anonfun$getScenarioQualifiedName$2(ScenarioLoader.scala:146)
	at scala.Option.getOrElse(Option.scala:121)
	at com.digitalasset.platform.sandbox.stores.ledger.ScenarioLoader$.getScenarioQualifiedName(ScenarioLoader.scala:145)
	at com.digitalasset.platform.sandbox.stores.ledger.ScenarioLoader$.buildScenarioLedger(ScenarioLoader.scala:54)
	at com.digitalasset.platform.sandbox.stores.ledger.ScenarioLoader$.fromScenario(ScenarioLoader.scala:38)
	at com.digitalasset.platform.sandbox.SandboxApplication$.com$digitalasset$platform$sandbox$SandboxApplication$$createInitialState(SandboxApplication.scala:190)
	at com.digitalasset.platform.sandbox.SandboxApplication$SandboxServer.buildAndStartServer(SandboxApplication.scala:72)
	at com.digitalasset.platform.sandbox.SandboxApplication$SandboxServer.start(SandboxApplication.scala:121)
	at com.digitalasset.platform.sandbox.SandboxMain$.delayedEndpoint$com$digitalasset$platform$sandbox$SandboxMain$1(SandboxMain.scala:28)
	at com.digitalasset.platform.sandbox.SandboxMain$delayedInit$body.apply(SandboxMain.scala:14)
	at scala.Function0.apply$mcV$sp(Function0.scala:34)
	at scala.Function0.apply$mcV$sp$(Function0.scala:34)
	at scala.runtime.AbstractFunction0.apply$mcV$sp(AbstractFunction0.scala:12)
	at scala.App.$anonfun$main$1$adapted(App.scala:76)
	at scala.collection.immutable.List.foreach(List.scala:389)
	at scala.App.main(App.scala:76)
	at scala.App.main$(App.scala:74)
	at com.digitalasset.platform.sandbox.SandboxMain$.main(SandboxMain.scala:14)
	at com.digitalasset.platform.sandbox.SandboxMain.main(SandboxMain.scala)
22:39:52.938 [main] WARN  c.d.p.s.s.ledger.ScenarioLoader$ - Dot-separated scenario specification is deprecated. Names are Module.Name:Inner.Name, with a colon between module name and the name of the definition. Falling back to deprecated name resolution. 
22:39:54.067 [main] ERROR c.d.platform.sandbox.SandboxMain$ - Shutting down Sandbox application because of initialization error 
java.lang.RuntimeException: Cannot find scenario Test/SellTest.sellTest.daml in packages [SimpleString(b7fba80fcfdfc3ce7409b3770d32bd97f76c20816eac94857898bb193ee6cc3e), SimpleString(8ee7de7e60f1c18ded04127820c51c5c9def58c4ab17f1cb0b8093e3003e7b84)]. Try using Module.Name:Inner.Name style scenario name specification.
	at com.digitalasset.platform.sandbox.stores.ledger.ScenarioLoader$.$anonfun$getScenarioQualifiedName$2(ScenarioLoader.scala:146)
	at scala.Option.getOrElse(Option.scala:121)
	at com.digitalasset.platform.sandbox.stores.ledger.ScenarioLoader$.getScenarioQualifiedName(ScenarioLoader.scala:145)
	at com.digitalasset.platform.sandbox.stores.ledger.ScenarioLoader$.buildScenarioLedger(ScenarioLoader.scala:54)
	at com.digitalasset.platform.sandbox.stores.ledger.ScenarioLoader$.fromScenario(ScenarioLoader.scala:38)
	at com.digitalasset.platform.sandbox.SandboxApplication$.com$digitalasset$platform$sandbox$SandboxApplication$$createInitialState(SandboxApplication.scala:190)
	at com.digitalasset.platform.sandbox.SandboxApplication$SandboxServer.buildAndStartServer(SandboxApplication.scala:72)
	at com.digitalasset.platform.sandbox.SandboxApplication$SandboxServer.start(SandboxApplication.scala:121)
	at com.digitalasset.platform.sandbox.SandboxMain$.delayedEndpoint$com$digitalasset$platform$sandbox$SandboxMain$1(SandboxMain.scala:28)
	at com.digitalasset.platform.sandbox.SandboxMain$delayedInit$body.apply(SandboxMain.scala:14)
	at scala.Function0.apply$mcV$sp(Function0.scala:34)
	at scala.Function0.apply$mcV$sp$(Function0.scala:34)
	at scala.runtime.AbstractFunction0.apply$mcV$sp(AbstractFunction0.scala:12)
	at scala.App.$anonfun$main$1$adapted(App.scala:76)
	at scala.collection.immutable.List.foreach(List.scala:389)
	at scala.App.main(App.scala:76)
	at scala.App.main$(App.scala:74)
	at com.digitalasset.platform.sandbox.SandboxMain$.main(SandboxMain.scala:14)
	at com.digitalasset.platform.sandbox.SandboxMain.main(SandboxMain.scala)
22:40:36.143 [main] INFO  c.d.l.s.L.LedgerApiServer$ - DAML LF Engine supports LF versions: 0, 1.0, 1.1, 1.2, 1.3; Transaction versions: 1, 2, 3, 4, 5; Value versions: 1, 2, 3, 4 
22:40:36.307 [main] INFO  c.d.l.s.L.LedgerApiServer - Starting plainText server 
22:40:36.680 [main] INFO  c.d.l.s.L.LedgerApiServer - listening on localhost:7602 
22:40:36.691 [main] INFO  c.d.p.sandbox.SandboxApplication$ - Initialized sandbox version 100.12.1 with ledger-id = sandbox-5de58346-ff75-46df-8818-b8628f78d247, port = 7602, dar file = DamlPackageContainer(List(/home/jorge/DAML/More_Examples/Sell_Car/target/DAML/More_Examples/Sell_Car.dar),false), time mode = Static, daml-engine = {} 
22:42:14.136 [Thread-1] INFO  c.d.p.s.s.c.ReferenceCommandService$$anon$1$$anon$2 - Shutting down Command Service 
22:42:14.235 [Thread-1] INFO  c.d.p.s.services.command.TrackerMap - Shutting down 0 trackers 
22:42:31.546 [main] INFO  c.d.l.s.L.LedgerApiServer$ - DAML LF Engine supports LF versions: 0, 1.0, 1.1, 1.2, 1.3; Transaction versions: 1, 2, 3, 4, 5; Value versions: 1, 2, 3, 4 
22:42:31.745 [main] INFO  c.d.l.s.L.LedgerApiServer - Starting plainText server 
22:42:32.180 [main] INFO  c.d.l.s.L.LedgerApiServer - listening on localhost:7602 
22:42:32.196 [main] INFO  c.d.p.sandbox.SandboxApplication$ - Initialized sandbox version 100.12.1 with ledger-id = sandbox-a34ffee1-2b15-473d-8b71-390fd60997db, port = 7602, dar file = DamlPackageContainer(List(/home/jorge/DAML/More_Examples/Sell_Car/target/DAML/More_Examples/Sell_Car.dar),false), time mode = Static, daml-engine = {} 
22:53:07.342 [Thread-1] INFO  c.d.p.s.s.c.ReferenceCommandService$$anon$1$$anon$2 - Shutting down Command Service 
22:53:07.383 [Thread-1] INFO  c.d.p.s.services.command.TrackerMap - Shutting down 0 trackers 
22:53:16.837 [main] INFO  c.d.l.s.L.LedgerApiServer$ - DAML LF Engine supports LF versions: 0, 1.0, 1.1, 1.2, 1.3; Transaction versions: 1, 2, 3, 4, 5; Value versions: 1, 2, 3, 4 
22:53:17.126 [main] INFO  c.d.l.s.L.LedgerApiServer - Starting plainText server 
22:53:17.690 [main] INFO  c.d.l.s.L.LedgerApiServer - listening on localhost:7602 
22:53:17.850 [main] INFO  c.d.p.sandbox.SandboxApplication$ - Initialized sandbox version 100.12.1 with ledger-id = sandbox-8c06dc76-f359-4b5b-acbb-5b63d582c34f, port = 7602, dar file = DamlPackageContainer(List(/home/jorge/DAML/More_Examples/Sell_Car/target/DAML/More_Examples/Sell_Car.dar),false), time mode = Static, daml-engine = {} 
23:06:17.028 [Thread-1] INFO  c.d.p.s.s.c.ReferenceCommandService$$anon$1$$anon$2 - Shutting down Command Service 
23:06:17.070 [Thread-1] INFO  c.d.p.s.services.command.TrackerMap - Shutting down 0 trackers 
23:06:28.285 [main] INFO  c.d.l.s.L.LedgerApiServer$ - DAML LF Engine supports LF versions: 0, 1.0, 1.1, 1.2, 1.3; Transaction versions: 1, 2, 3, 4, 5; Value versions: 1, 2, 3, 4 
23:06:28.447 [main] INFO  c.d.l.s.L.LedgerApiServer - Starting plainText server 
23:06:28.766 [main] INFO  c.d.l.s.L.LedgerApiServer - listening on localhost:7602 
23:06:28.787 [main] INFO  c.d.p.sandbox.SandboxApplication$ - Initialized sandbox version 100.12.1 with ledger-id = sandbox-e9370276-88a4-44b7-8f37-3fcb9777f89d, port = 7602, dar file = DamlPackageContainer(List(/home/jorge/DAML/More_Examples/Sell_Car/target/DAML/More_Examples/Sell_Car.dar),false), time mode = Static, daml-engine = {} 
23:09:09.031 [sandbox-akka.actor.default-dispatcher-19] WARN  c.d.p.s.s.SandboxSubmissionService - Submission of command 93dfa2e932aa93bd has failed. 
com.digitalasset.platform.server.api.ApiException: INVALID_ARGUMENT: Command interpretation error in LF-DAMLe: The following errors occured: node NodeId(0) (Identifier(SimpleString(0e5caae9296cc0f553e69ff0bb9183548f03c9e5ffcb5c2c509a0e156f221a05),Main.MyCar:Pending)) requires controllers: SimpleString(Wayne_corp), but only SimpleString(Bruce) were given. Details: N/A.
23:09:12.674 [sandbox-grpc-eventloop-7d899a38-8fbf-4645-b2a6-956cd616ca0c-1-2] WARN  c.d.p.s.s.SandboxSubmissionService - Submission of command a35abf0c5cd6788a has failed. 
com.digitalasset.platform.server.api.ApiException: INVALID_ARGUMENT: Command interpretation error in LF-DAMLe: The following errors occured: node NodeId(0) (Identifier(SimpleString(0e5caae9296cc0f553e69ff0bb9183548f03c9e5ffcb5c2c509a0e156f221a05),Main.MyCar:Pending)) requires controllers: SimpleString(Bank_of_Gotham), but only SimpleString(Bruce) were given. Details: N/A.
23:09:26.094 [sandbox-grpc-eventloop-7d899a38-8fbf-4645-b2a6-956cd616ca0c-1-2] WARN  c.d.p.s.s.SandboxSubmissionService - Submission of command 564874ac0fdd71ad has failed. 
com.digitalasset.platform.server.api.ApiException: INVALID_ARGUMENT: Command interpretation error in LF-DAMLe: The following errors occured: node NodeId(0) (Identifier(SimpleString(0e5caae9296cc0f553e69ff0bb9183548f03c9e5ffcb5c2c509a0e156f221a05),Main.MyCar:Pending)) requires controllers: SimpleString(Bruce), but only SimpleString(Wayne_corp) were given. Details: N/A.
23:09:58.541 [sandbox-akka.actor.default-dispatcher-16] WARN  c.d.p.s.s.SandboxSubmissionService - Submission of command 6c64293f67032813 has failed. 
com.digitalasset.platform.server.api.ApiException: INVALID_ARGUMENT: Command interpretation error in LF-DAMLe: The following errors occured: node NodeId(0) (Identifier(SimpleString(0e5caae9296cc0f553e69ff0bb9183548f03c9e5ffcb5c2c509a0e156f221a05),Main.MyCar:Pending)) requires controllers: SimpleString(Wayne_corp), but only SimpleString(Bank_of_Gotham) were given. Details: N/A.
23:10:01.260 [sandbox-grpc-eventloop-7d899a38-8fbf-4645-b2a6-956cd616ca0c-1-2] WARN  c.d.p.s.s.SandboxSubmissionService - Submission of command a48604439798ccb3 has failed. 
com.digitalasset.platform.server.api.ApiException: INVALID_ARGUMENT: Command interpretation error in LF-DAMLe: The following errors occured: node NodeId(0) (Identifier(SimpleString(0e5caae9296cc0f553e69ff0bb9183548f03c9e5ffcb5c2c509a0e156f221a05),Main.MyCar:Pending)) requires controllers: SimpleString(Bruce),SimpleString(Wayne_corp), but only SimpleString(Bank_of_Gotham) were given. Details: N/A.
00:32:24.221 [sandbox-akka.actor.default-dispatcher-21] WARN  c.d.p.s.s.SandboxSubmissionService - Submission of command b6793cdfb2b6abff has failed. 
com.digitalasset.platform.server.api.ApiException: INVALID_ARGUMENT: Command interpretation error in LF-DAMLe: The following errors occured: node NodeId(0) (Identifier(SimpleString(0e5caae9296cc0f553e69ff0bb9183548f03c9e5ffcb5c2c509a0e156f221a05),Main.MyCar:Pending)) requires controllers: SimpleString(Bank_of_Gotham),SimpleString(Wayne_corp),SimpleString(Bruce), but only SimpleString(Bruce) were given. Details: N/A.
